make --dry-run --always-make --keep-going --print-directory
make: Entering directory '/home/sengelstad6/git/funtofem'
cd src && make || exit 1
 
Makefile:2: Makefile.in: No such file or directory
make: *** No rule to make target 'Makefile.in'.
make: Failed to remake makefile 'Makefile.in'.

make[1]: Entering directory '/home/sengelstad6/git/funtofem/src'
g++   -c RBF.cpp -o RBF.o
g++   -c LocatePoint.cpp -o LocatePoint.o
g++   -c MELDThermal.cpp -o MELDThermal.o
g++   -c TransferScheme.cpp -o TransferScheme.o
g++   -c LinearizedMELD.cpp -o LinearizedMELD.o
g++   -c MELD.cpp -o MELD.o
g++   -c Octree.cpp -o Octree.o
ar  /lib/libtransfer_schemes.a RBF.o LocatePoint.o MELDThermal.o TransferScheme.o LinearizedMELD.o MELD.o Octree.o
make[1]: Leaving directory '/home/sengelstad6/git/funtofem/src'
make: Leaving directory '/home/sengelstad6/git/funtofem'
 
Makefile:1: ../Makefile.in: No such file or directory
make[1]: *** No rule to make target '../Makefile.in'.
make[1]: Failed to remake makefile '../Makefile.in'.
make: *** [Makefile:5: default] Error 1

